<?xml version="1.0" encoding="UTF-8"?>
<coverage generated="1781347202771" clover="3.2.0">
  <project timestamp="1781347202771" name="All files">
    <metrics statements="84" coveredstatements="59" conditionals="47" coveredconditionals="26" methods="28" coveredmethods="13" elements="159" coveredelements="98" complexity="0" loc="84" ncloc="84" packages="2" files="6" classes="6"/>
    <package name="components.recommendations">
      <metrics statements="74" coveredstatements="53" conditionals="45" coveredconditionals="25" methods="25" coveredmethods="13"/>
      <file name="EmptyWardrobeState.tsx" path="C:\Users\rghos\OneDrive - Vivekananda Institute of Professional Studies\PROJECTS\Wardrope AI\frontend\src\components\recommendations\EmptyWardrobeState.tsx">
        <metrics statements="2" coveredstatements="2" conditionals="1" coveredconditionals="1" methods="1" coveredmethods="1"/>
        <line num="1" count="1" type="stmt"/>
        <line num="7" count="1" type="cond" truecount="1" falsecount="0"/>
      </file>
      <file name="OutfitCard.tsx" path="C:\Users\rghos\OneDrive - Vivekananda Institute of Professional Studies\PROJECTS\Wardrope AI\frontend\src\components\recommendations\OutfitCard.tsx">
        <metrics statements="3" coveredstatements="2" conditionals="6" coveredconditionals="3" methods="2" coveredmethods="1"/>
        <line num="2" count="1" type="stmt"/>
        <line num="10" count="1" type="stmt"/>
        <line num="48" count="0" type="stmt"/>
      </file>
      <file name="OutfitGenerator.tsx" path="C:\Users\rghos\OneDrive - Vivekananda Institute of Professional Studies\PROJECTS\Wardrope AI\frontend\src\components\recommendations\OutfitGenerator.tsx">
        <metrics statements="33" coveredstatements="28" conditionals="16" coveredconditionals="8" methods="8" coveredmethods="7"/>
        <line num="1" count="1" type="stmt"/>
        <line num="2" count="1" type="stmt"/>
        <line num="3" count="1" type="stmt"/>
        <line num="6" count="1" type="stmt"/>
        <line num="12" count="3" type="stmt"/>
        <line num="13" count="7" type="stmt"/>
        <line num="14" count="7" type="stmt"/>
        <line num="15" count="7" type="stmt"/>
        <line num="17" count="7" type="stmt"/>
        <line num="19" count="3" type="stmt"/>
        <line num="20" count="1" type="stmt"/>
        <line num="23" count="1" type="stmt"/>
        <line num="25" count="1" type="stmt"/>
        <line num="26" count="1" type="cond" truecount="1" falsecount="1"/>
        <line num="27" count="0" type="stmt"/>
        <line num="37" count="1" type="stmt"/>
        <line num="38" count="1" type="cond" truecount="1" falsecount="1"/>
        <line num="41" count="2" type="stmt"/>
        <line num="42" count="2" type="cond" truecount="2" falsecount="0"/>
        <line num="43" count="1" type="stmt"/>
        <line num="44" count="1" type="cond" truecount="1" falsecount="1"/>
        <line num="45" count="0" type="stmt"/>
        <line num="46" count="1" type="cond" truecount="1" falsecount="1"/>
        <line num="47" count="0" type="stmt"/>
        <line num="48" count="1" type="cond" truecount="1" falsecount="1"/>
        <line num="49" count="1" type="stmt"/>
        <line num="51" count="0" type="cond" truecount="0" falsecount="2"/>
        <line num="56" count="7" type="stmt"/>
        <line num="57" count="3" type="stmt"/>
        <line num="58" count="3" type="stmt"/>
        <line num="59" count="3" type="stmt"/>
        <line num="77" count="0" type="stmt"/>
        <line num="82" count="35" type="stmt"/>
      </file>
      <file name="RecommendationHistory.tsx" path="C:\Users\rghos\OneDrive - Vivekananda Institute of Professional Studies\PROJECTS\Wardrope AI\frontend\src\components\recommendations\RecommendationHistory.tsx">
        <metrics statements="34" coveredstatements="19" conditionals="17" coveredconditionals="9" methods="13" coveredmethods="3"/>
        <line num="1" count="1" type="stmt"/>
        <line num="2" count="1" type="stmt"/>
        <line num="3" count="1" type="stmt"/>
        <line num="5" count="1" type="stmt"/>
        <line num="6" count="1" type="stmt"/>
        <line num="8" count="2" type="stmt"/>
        <line num="9" count="4" type="stmt"/>
        <line num="10" count="4" type="stmt"/>
        <line num="11" count="4" type="stmt"/>
        <line num="13" count="4" type="stmt"/>
        <line num="16" count="2" type="stmt"/>
        <line num="19" count="2" type="stmt"/>
        <line num="23" count="4" type="stmt"/>
        <line num="25" count="0" type="stmt"/>
        <line num="26" count="0" type="stmt"/>
        <line num="30" count="0" type="stmt"/>
        <line num="32" count="0" type="stmt"/>
        <line num="34" count="0" type="cond" truecount="0" falsecount="2"/>
        <line num="35" count="0" type="stmt"/>
        <line num="37" count="0" type="stmt"/>
        <line num="44" count="0" type="stmt"/>
        <line num="47" count="0" type="cond" truecount="0" falsecount="2"/>
        <line num="48" count="0" type="stmt"/>
        <line num="53" count="0" type="stmt"/>
        <line num="57" count="4" type="stmt"/>
        <line num="58" count="0" type="cond" truecount="0" falsecount="2"/>
        <line num="59" count="0" type="stmt"/>
        <line num="63" count="4" type="cond" truecount="2" falsecount="0"/>
        <line num="71" count="2" type="cond" truecount="1" falsecount="1"/>
        <line num="79" count="2" type="cond" truecount="4" falsecount="0"/>
        <line num="80" count="1" type="stmt"/>
        <line num="88" count="1" type="stmt"/>
        <line num="104" count="0" type="stmt"/>
        <line num="111" count="0" type="stmt"/>
      </file>
      <file name="WeatherBadge.tsx" path="C:\Users\rghos\OneDrive - Vivekananda Institute of Professional Studies\PROJECTS\Wardrope AI\frontend\src\components\recommendations\WeatherBadge.tsx">
        <metrics statements="2" coveredstatements="2" conditionals="5" coveredconditionals="4" methods="1" coveredmethods="1"/>
        <line num="3" count="1" type="stmt"/>
        <line num="4" count="1" type="cond" truecount="3" falsecount="1"/>
      </file>
    </package>
    <package name="lib">
      <metrics statements="10" coveredstatements="6" conditionals="2" coveredconditionals="1" methods="3" coveredmethods="0"/>
      <file name="axios.ts" path="C:\Users\rghos\OneDrive - Vivekananda Institute of Professional Studies\PROJECTS\Wardrope AI\frontend\src\lib\axios.ts">
        <metrics statements="10" coveredstatements="6" conditionals="2" coveredconditionals="1" methods="3" coveredmethods="0"/>
        <line num="1" count="1" type="stmt"/>
        <line num="3" count="1" type="stmt"/>
        <line num="4" count="1" type="cond" truecount="1" falsecount="1"/>
        <line num="5" count="0" type="stmt"/>
        <line num="8" count="1" type="stmt"/>
        <line num="18" count="1" type="stmt"/>
        <line num="20" count="0" type="stmt"/>
        <line num="24" count="1" type="stmt"/>
        <line num="25" count="0" type="stmt"/>
        <line num="28" count="0" type="stmt"/>
      </file>
    </package>
  </project>
</coverage>
