{"C:\\Users\\rghos\\OneDrive - Vivekananda Institute of Professional Studies\\PROJECTS\\Wardrope AI\\frontend\\src\\components\\recommendations\\EmptyWardrobeState.tsx": {"path":"C:\\Users\\rghos\\OneDrive - Vivekananda Institute of Professional Studies\\PROJECTS\\Wardrope AI\\frontend\\src\\components\\recommendations\\EmptyWardrobeState.tsx","statementMap":{"0":{"start":{"line":7,"column":16},"end":{"line":7,"column":35}},"1":{"start":{"line":1,"column":17},"end":{"line":1,"column":null}}},"fnMap":{"0":{"name":"EmptyWardrobeState","decl":{"start":{"line":7,"column":16},"end":{"line":7,"column":35}},"loc":{"start":{"line":7,"column":122},"end":{"line":25,"column":null}}}},"branchMap":{"0":{"loc":{"start":{"line":7,"column":37},"end":{"line":7,"column":95}},"type":"default-arg","locations":[{"start":{"line":7,"column":47},"end":{"line":7,"column":95}}]}},"s":{"0":1,"1":1},"f":{"0":1},"b":{"0":[1]}}
,"C:\\Users\\rghos\\OneDrive - Vivekananda Institute of Professional Studies\\PROJECTS\\Wardrope AI\\frontend\\src\\components\\recommendations\\OutfitCard.tsx": {"path":"C:\\Users\\rghos\\OneDrive - Vivekananda Institute of Professional Studies\\PROJECTS\\Wardrope AI\\frontend\\src\\components\\recommendations\\OutfitCard.tsx","statementMap":{"0":{"start":{"line":10,"column":16},"end":{"line":10,"column":27}},"1":{"start":{"line":2,"column":29},"end":{"line":2,"column":null}},"2":{"start":{"line":48,"column":27},"end":{"line":48,"column":null}}},"fnMap":{"0":{"name":"OutfitCard","decl":{"start":{"line":10,"column":16},"end":{"line":10,"column":27}},"loc":{"start":{"line":10,"column":84},"end":{"line":78,"column":null}}},"1":{"name":"(anonymous_3)","decl":{"start":{"line":48,"column":21},"end":{"line":48,"column":27}},"loc":{"start":{"line":48,"column":27},"end":{"line":48,"column":null}}}},"branchMap":{"0":{"loc":{"start":{"line":17,"column":12},"end":{"line":23,"column":13}},"type":"cond-expr","locations":[{"start":{"line":17,"column":12},"end":{"line":23,"column":13}}]},"1":{"loc":{"start":{"line":28,"column":80},"end":{"line":28,"column":null}},"type":"binary-expr","locations":[{"start":{"line":28,"column":80},"end":{"line":28,"column":91}},{"start":{"line":28,"column":95},"end":{"line":28,"column":null}}]},"2":{"loc":{"start":{"line":46,"column":9},"end":{"line":46,"column":null}},"type":"binary-expr","locations":[{"start":{"line":46,"column":9},"end":{"line":46,"column":null}}]},"3":{"loc":{"start":{"line":52,"column":13},"end":{"line":52,"column":null}},"type":"cond-expr","locations":[{"start":{"line":52,"column":26},"end":{"line":52,"column":42}},{"start":{"line":52,"column":42},"end":{"line":52,"column":null}}]}},"s":{"0":1,"1":1,"2":0},"f":{"0":1,"1":0},"b":{"0":[0],"1":[3,0],"2":[1],"3":[0,1]}}
,"C:\\Users\\rghos\\OneDrive - Vivekananda Institute of Professional Studies\\PROJECTS\\Wardrope AI\\frontend\\src\\components\\recommendations\\OutfitGenerator.tsx": {"path":"C:\\Users\\rghos\\OneDrive - Vivekananda Institute of Professional Studies\\PROJECTS\\Wardrope AI\\frontend\\src\\components\\recommendations\\OutfitGenerator.tsx","statementMap":{"0":{"start":{"line":12,"column":16},"end":{"line":12,"column":32}},"1":{"start":{"line":1,"column":25},"end":{"line":1,"column":null}},"2":{"start":{"line":2,"column":44},"end":{"line":2,"column":null}},"3":{"start":{"line":3,"column":20},"end":{"line":3,"column":null}},"4":{"start":{"line":6,"column":18},"end":{"line":6,"column":null}},"5":{"start":{"line":13,"column":34},"end":{"line":13,"column":null}},"6":{"start":{"line":14,"column":34},"end":{"line":14,"column":null}},"7":{"start":{"line":15,"column":22},"end":{"line":15,"column":null}},"8":{"start":{"line":17,"column":19},"end":{"line":54,"column":null}},"9":{"start":{"line":19,"column":18},"end":{"line":19,"column":null}},"10":{"start":{"line":20,"column":6},"end":{"line":20,"column":null}},"11":{"start":{"line":23,"column":6},"end":{"line":23,"column":null}},"12":{"start":{"line":25,"column":6},"end":{"line":35,"column":null}},"13":{"start":{"line":26,"column":8},"end":{"line":26,"column":null}},"14":{"start":{"line":26,"column":18},"end":{"line":26,"column":null}},"15":{"start":{"line":27,"column":8},"end":{"line":34,"column":null}},"16":{"start":{"line":37,"column":6},"end":{"line":37,"column":null}},"17":{"start":{"line":38,"column":6},"end":{"line":38,"column":null}},"18":{"start":{"line":38,"column":21},"end":{"line":38,"column":null}},"19":{"start":{"line":41,"column":24},"end":{"line":41,"column":null}},"20":{"start":{"line":42,"column":6},"end":{"line":52,"column":null}},"21":{"start":{"line":43,"column":8},"end":{"line":43,"column":null}},"22":{"start":{"line":44,"column":13},"end":{"line":52,"column":null}},"23":{"start":{"line":45,"column":8},"end":{"line":45,"column":null}},"24":{"start":{"line":46,"column":13},"end":{"line":52,"column":null}},"25":{"start":{"line":47,"column":8},"end":{"line":47,"column":null}},"26":{"start":{"line":48,"column":13},"end":{"line":52,"column":null}},"27":{"start":{"line":49,"column":8},"end":{"line":49,"column":null}},"28":{"start":{"line":51,"column":8},"end":{"line":51,"column":null}},"29":{"start":{"line":56,"column":25},"end":{"line":60,"column":null}},"30":{"start":{"line":57,"column":4},"end":{"line":57,"column":null}},"31":{"start":{"line":58,"column":4},"end":{"line":58,"column":null}},"32":{"start":{"line":59,"column":4},"end":{"line":59,"column":null}},"33":{"start":{"line":77,"column":29},"end":{"line":77,"column":null}},"34":{"start":{"line":82,"column":14},"end":{"line":82,"column":32}}},"fnMap":{"0":{"name":"OutfitGenerator","decl":{"start":{"line":12,"column":16},"end":{"line":12,"column":32}},"loc":{"start":{"line":12,"column":67},"end":{"line":115,"column":null}}},"1":{"name":"(anonymous_2)","decl":{"start":{"line":18,"column":16},"end":{"line":18,"column":23}},"loc":{"start":{"line":18,"column":23},"end":{"line":21,"column":null}}},"2":{"name":"(anonymous_3)","decl":{"start":{"line":22,"column":15},"end":{"line":22,"column":16}},"loc":{"start":{"line":22,"column":16},"end":{"line":39,"column":null}}},"3":{"name":"(anonymous_4)","decl":{"start":{"line":25,"column":52},"end":{"line":25,"column":53}},"loc":{"start":{"line":25,"column":53},"end":{"line":35,"column":null}}},"4":{"name":"(anonymous_5)","decl":{"start":{"line":40,"column":13},"end":{"line":40,"column":14}},"loc":{"start":{"line":40,"column":14},"end":{"line":53,"column":null}}},"5":{"name":"(anonymous_6)","decl":{"start":{"line":56,"column":25},"end":{"line":56,"column":26}},"loc":{"start":{"line":56,"column":26},"end":{"line":60,"column":null}}},"6":{"name":"(anonymous_7)","decl":{"start":{"line":77,"column":22},"end":{"line":77,"column":23}},"loc":{"start":{"line":77,"column":29},"end":{"line":77,"column":null}}},"7":{"name":"(anonymous_8)","decl":{"start":{"line":81,"column":27},"end":{"line":81,"column":28}},"loc":{"start":{"line":82,"column":14},"end":{"line":82,"column":32}}}},"branchMap":{"0":{"loc":{"start":{"line":26,"column":8},"end":{"line":26,"column":null}},"type":"if","locations":[{"start":{"line":26,"column":8},"end":{"line":26,"column":null}},{"start":{},"end":{}}]},"1":{"loc":{"start":{"line":38,"column":6},"end":{"line":38,"column":null}},"type":"if","locations":[{"start":{"line":38,"column":6},"end":{"line":38,"column":null}},{"start":{},"end":{}}]},"2":{"loc":{"start":{"line":42,"column":6},"end":{"line":52,"column":null}},"type":"if","locations":[{"start":{"line":42,"column":6},"end":{"line":52,"column":null}},{"start":{"line":44,"column":13},"end":{"line":52,"column":null}}]},"3":{"loc":{"start":{"line":44,"column":13},"end":{"line":52,"column":null}},"type":"if","locations":[{"start":{"line":44,"column":13},"end":{"line":52,"column":null}},{"start":{"line":46,"column":13},"end":{"line":52,"column":null}}]},"4":{"loc":{"start":{"line":46,"column":13},"end":{"line":52,"column":null}},"type":"if","locations":[{"start":{"line":46,"column":13},"end":{"line":52,"column":null}},{"start":{"line":48,"column":13},"end":{"line":52,"column":null}}]},"5":{"loc":{"start":{"line":48,"column":13},"end":{"line":52,"column":null}},"type":"if","locations":[{"start":{"line":48,"column":13},"end":{"line":52,"column":null}},{"start":{"line":50,"column":13},"end":{"line":52,"column":null}}]},"6":{"loc":{"start":{"line":51,"column":20},"end":{"line":51,"column":null}},"type":"binary-expr","locations":[{"start":{"line":51,"column":20},"end":{"line":51,"column":61}},{"start":{"line":51,"column":61},"end":{"line":51,"column":null}}]},"7":{"loc":{"start":{"line":95,"column":12},"end":{"line":100,"column":null}},"type":"cond-expr","locations":[{"start":{"line":95,"column":12},"end":{"line":100,"column":null}}]},"8":{"loc":{"start":{"line":108,"column":7},"end":{"line":108,"column":null}},"type":"binary-expr","locations":[{"start":{"line":108,"column":7},"end":{"line":108,"column":null}}]}},"s":{"0":3,"1":1,"2":1,"3":1,"4":1,"5":7,"6":7,"7":7,"8":7,"9":3,"10":1,"11":1,"12":1,"13":1,"14":1,"15":0,"16":1,"17":1,"18":0,"19":2,"20":2,"21":1,"22":1,"23":0,"24":1,"25":0,"26":1,"27":1,"28":0,"29":7,"30":3,"31":3,"32":3,"33":0,"34":35},"f":{"0":7,"1":3,"2":1,"3":1,"4":2,"5":3,"6":0,"7":35},"b":{"0":[1,0],"1":[0,1],"2":[1,1],"3":[0,1],"4":[0,1],"5":[1,0],"6":[0,0],"7":[0],"8":[7]}}
,"C:\\Users\\rghos\\OneDrive - Vivekananda Institute of Professional Studies\\PROJECTS\\Wardrope AI\\frontend\\src\\components\\recommendations\\RecommendationHistory.tsx": {"path":"C:\\Users\\rghos\\OneDrive - Vivekananda Institute of Professional Studies\\PROJECTS\\Wardrope AI\\frontend\\src\\components\\recommendations\\RecommendationHistory.tsx","statementMap":{"0":{"start":{"line":8,"column":16},"end":{"line":8,"column":null}},"1":{"start":{"line":1,"column":25},"end":{"line":1,"column":null}},"2":{"start":{"line":2,"column":54},"end":{"line":2,"column":null}},"3":{"start":{"line":3,"column":20},"end":{"line":3,"column":null}},"4":{"start":{"line":5,"column":27},"end":{"line":5,"column":null}},"5":{"start":{"line":6,"column":35},"end":{"line":6,"column":null}},"6":{"start":{"line":9,"column":26},"end":{"line":9,"column":null}},"7":{"start":{"line":10,"column":19},"end":{"line":10,"column":null}},"8":{"start":{"line":11,"column":22},"end":{"line":11,"column":null}},"9":{"start":{"line":13,"column":37},"end":{"line":21,"column":null}},"10":{"start":{"line":16,"column":18},"end":{"line":18,"column":null}},"11":{"start":{"line":19,"column":6},"end":{"line":19,"column":null}},"12":{"start":{"line":23,"column":25},"end":{"line":55,"column":null}},"13":{"start":{"line":25,"column":6},"end":{"line":25,"column":null}},"14":{"start":{"line":26,"column":6},"end":{"line":26,"column":null}},"15":{"start":{"line":30,"column":6},"end":{"line":30,"column":null}},"16":{"start":{"line":32,"column":27},"end":{"line":32,"column":null}},"17":{"start":{"line":34,"column":6},"end":{"line":43,"column":null}},"18":{"start":{"line":35,"column":8},"end":{"line":42,"column":null}},"19":{"start":{"line":37,"column":48},"end":{"line":37,"column":null}},"20":{"start":{"line":44,"column":6},"end":{"line":44,"column":null}},"21":{"start":{"line":47,"column":6},"end":{"line":49,"column":null}},"22":{"start":{"line":48,"column":8},"end":{"line":48,"column":null}},"23":{"start":{"line":53,"column":6},"end":{"line":53,"column":null}},"24":{"start":{"line":57,"column":23},"end":{"line":61,"column":null}},"25":{"start":{"line":58,"column":4},"end":{"line":60,"column":null}},"26":{"start":{"line":59,"column":6},"end":{"line":59,"column":null}},"27":{"start":{"line":63,"column":2},"end":{"line":69,"column":null}},"28":{"start":{"line":71,"column":2},"end":{"line":77,"column":null}},"29":{"start":{"line":79,"column":2},"end":{"line":81,"column":null}},"30":{"start":{"line":80,"column":4},"end":{"line":80,"column":null}},"31":{"start":{"line":88,"column":10},"end":{"line":89,"column":null}},"32":{"start":{"line":104,"column":29},"end":{"line":104,"column":null}},"33":{"start":{"line":104,"column":44},"end":{"line":104,"column":null}},"34":{"start":{"line":111,"column":29},"end":{"line":111,"column":null}},"35":{"start":{"line":111,"column":44},"end":{"line":111,"column":null}}},"fnMap":{"0":{"name":"RecommendationHistory","decl":{"start":{"line":8,"column":16},"end":{"line":8,"column":null}},"loc":{"start":{"line":8,"column":16},"end":{"line":122,"column":null}}},"1":{"name":"(anonymous_2)","decl":{"start":{"line":15,"column":13},"end":{"line":15,"column":null}},"loc":{"start":{"line":15,"column":13},"end":{"line":20,"column":null}}},"2":{"name":"(anonymous_3)","decl":{"start":{"line":24,"column":16},"end":{"line":24,"column":23}},"loc":{"start":{"line":24,"column":23},"end":{"line":27,"column":null}}},"3":{"name":"(anonymous_4)","decl":{"start":{"line":28,"column":14},"end":{"line":28,"column":21}},"loc":{"start":{"line":28,"column":21},"end":{"line":45,"column":null}}},"4":{"name":"(anonymous_5)","decl":{"start":{"line":37,"column":41},"end":{"line":37,"column":42}},"loc":{"start":{"line":37,"column":48},"end":{"line":37,"column":null}}},"5":{"name":"(anonymous_6)","decl":{"start":{"line":46,"column":13},"end":{"line":46,"column":14}},"loc":{"start":{"line":46,"column":30},"end":{"line":50,"column":null}}},"6":{"name":"(anonymous_7)","decl":{"start":{"line":51,"column":15},"end":{"line":51,"column":null}},"loc":{"start":{"line":51,"column":15},"end":{"line":54,"column":null}}},"7":{"name":"(anonymous_8)","decl":{"start":{"line":57,"column":23},"end":{"line":57,"column":24}},"loc":{"start":{"line":57,"column":24},"end":{"line":61,"column":null}}},"8":{"name":"(anonymous_9)","decl":{"start":{"line":87,"column":23},"end":{"line":87,"column":24}},"loc":{"start":{"line":88,"column":10},"end":{"line":89,"column":null}}},"9":{"name":"(anonymous_10)","decl":{"start":{"line":104,"column":23},"end":{"line":104,"column":29}},"loc":{"start":{"line":104,"column":29},"end":{"line":104,"column":null}}},"10":{"name":"(anonymous_11)","decl":{"start":{"line":104,"column":37},"end":{"line":104,"column":38}},"loc":{"start":{"line":104,"column":44},"end":{"line":104,"column":null}}},"11":{"name":"(anonymous_12)","decl":{"start":{"line":111,"column":23},"end":{"line":111,"column":29}},"loc":{"start":{"line":111,"column":29},"end":{"line":111,"column":null}}},"12":{"name":"(anonymous_13)","decl":{"start":{"line":111,"column":37},"end":{"line":111,"column":38}},"loc":{"start":{"line":111,"column":44},"end":{"line":111,"column":null}}}},"branchMap":{"0":{"loc":{"start":{"line":34,"column":6},"end":{"line":43,"column":null}},"type":"if","locations":[{"start":{"line":34,"column":6},"end":{"line":43,"column":null}},{"start":{},"end":{}}]},"1":{"loc":{"start":{"line":47,"column":6},"end":{"line":49,"column":null}},"type":"if","locations":[{"start":{"line":47,"column":6},"end":{"line":49,"column":null}},{"start":{},"end":{}}]},"2":{"loc":{"start":{"line":58,"column":4},"end":{"line":60,"column":null}},"type":"if","locations":[{"start":{"line":58,"column":4},"end":{"line":60,"column":null}},{"start":{},"end":{}}]},"3":{"loc":{"start":{"line":63,"column":2},"end":{"line":69,"column":null}},"type":"if","locations":[{"start":{"line":63,"column":2},"end":{"line":69,"column":null}},{"start":{},"end":{}}]},"4":{"loc":{"start":{"line":71,"column":2},"end":{"line":77,"column":null}},"type":"if","locations":[{"start":{"line":71,"column":2},"end":{"line":77,"column":null}},{"start":{},"end":{}}]},"5":{"loc":{"start":{"line":79,"column":2},"end":{"line":81,"column":null}},"type":"if","locations":[{"start":{"line":79,"column":2},"end":{"line":81,"column":null}},{"start":{},"end":{}}]},"6":{"loc":{"start":{"line":79,"column":6},"end":{"line":79,"column":39}},"type":"binary-expr","locations":[{"start":{"line":79,"column":6},"end":{"line":79,"column":15}},{"start":{"line":79,"column":15},"end":{"line":79,"column":39}}]},"7":{"loc":{"start":{"line":92,"column":24},"end":{"line":92,"column":87}},"type":"binary-expr","locations":[{"start":{"line":92,"column":24},"end":{"line":92,"column":48}},{"start":{"line":92,"column":52},"end":{"line":92,"column":87}}]},"8":{"loc":{"start":{"line":97,"column":7},"end":{"line":97,"column":null}},"type":"binary-expr","locations":[{"start":{"line":97,"column":7},"end":{"line":97,"column":null}}]}},"s":{"0":2,"1":1,"2":1,"3":1,"4":1,"5":1,"6":4,"7":4,"8":4,"9":4,"10":2,"11":2,"12":4,"13":0,"14":0,"15":0,"16":0,"17":0,"18":0,"19":0,"20":0,"21":0,"22":0,"23":0,"24":4,"25":0,"26":0,"27":4,"28":2,"29":2,"30":1,"31":1,"32":0,"33":0,"34":0,"35":0},"f":{"0":4,"1":2,"2":0,"3":0,"4":0,"5":0,"6":0,"7":0,"8":1,"9":0,"10":0,"11":0,"12":0},"b":{"0":[0,0],"1":[0,0],"2":[0,0],"3":[2,2],"4":[0,2],"5":[1,1],"6":[2,2],"7":[1,0],"8":[1]}}
,"C:\\Users\\rghos\\OneDrive - Vivekananda Institute of Professional Studies\\PROJECTS\\Wardrope AI\\frontend\\src\\components\\recommendations\\WeatherBadge.tsx": {"path":"C:\\Users\\rghos\\OneDrive - Vivekananda Institute of Professional Studies\\PROJECTS\\Wardrope AI\\frontend\\src\\components\\recommendations\\WeatherBadge.tsx","statementMap":{"0":{"start":{"line":3,"column":16},"end":{"line":3,"column":29}},"1":{"start":{"line":4,"column":2},"end":{"line":4,"column":null}},"2":{"start":{"line":4,"column":41},"end":{"line":4,"column":null}}},"fnMap":{"0":{"name":"WeatherBadge","decl":{"start":{"line":3,"column":16},"end":{"line":3,"column":29}},"loc":{"start":{"line":3,"column":77},"end":{"line":19,"column":null}}}},"branchMap":{"0":{"loc":{"start":{"line":4,"column":2},"end":{"line":4,"column":null}},"type":"if","locations":[{"start":{"line":4,"column":2},"end":{"line":4,"column":null}},{"start":{},"end":{}}]},"1":{"loc":{"start":{"line":4,"column":6},"end":{"line":4,"column":39}},"type":"binary-expr","locations":[{"start":{"line":4,"column":6},"end":{"line":4,"column":18}},{"start":{"line":4,"column":18},"end":{"line":4,"column":39}}]},"2":{"loc":{"start":{"line":11,"column":7},"end":{"line":11,"column":19}},"type":"binary-expr","locations":[{"start":{"line":11,"column":7},"end":{"line":11,"column":19}}]}},"s":{"0":1,"1":1,"2":0},"f":{"0":1},"b":{"0":[0,1],"1":[1,1],"2":[1]}}
,"C:\\Users\\rghos\\OneDrive - Vivekananda Institute of Professional Studies\\PROJECTS\\Wardrope AI\\frontend\\src\\lib\\axios.ts": {"path":"C:\\Users\\rghos\\OneDrive - Vivekananda Institute of Professional Studies\\PROJECTS\\Wardrope AI\\frontend\\src\\lib\\axios.ts","statementMap":{"0":{"start":{"line":8,"column":13},"end":{"line":8,"column":19}},"1":{"start":{"line":1,"column":18},"end":{"line":1,"column":null}},"2":{"start":{"line":3,"column":15},"end":{"line":3,"column":46}},"3":{"start":{"line":4,"column":0},"end":{"line":6,"column":null}},"4":{"start":{"line":5,"column":2},"end":{"line":5,"column":null}},"5":{"start":{"line":8,"column":19},"end":{"line":15,"column":null}},"6":{"start":{"line":18,"column":0},"end":{"line":21,"column":null}},"7":{"start":{"line":20,"column":2},"end":{"line":20,"column":null}},"8":{"start":{"line":24,"column":0},"end":{"line":29,"column":null}},"9":{"start":{"line":25,"column":16},"end":{"line":25,"column":null}},"10":{"start":{"line":28,"column":4},"end":{"line":28,"column":null}}},"fnMap":{"0":{"name":"(anonymous_2)","decl":{"start":{"line":18,"column":29},"end":{"line":18,"column":30}},"loc":{"start":{"line":18,"column":30},"end":{"line":21,"column":null}}},"1":{"name":"(anonymous_3)","decl":{"start":{"line":25,"column":2},"end":{"line":25,"column":3}},"loc":{"start":{"line":25,"column":16},"end":{"line":25,"column":null}}},"2":{"name":"(anonymous_4)","decl":{"start":{"line":26,"column":2},"end":{"line":26,"column":9}},"loc":{"start":{"line":26,"column":9},"end":{"line":29,"column":null}}}},"branchMap":{"0":{"loc":{"start":{"line":4,"column":0},"end":{"line":6,"column":null}},"type":"if","locations":[{"start":{"line":4,"column":0},"end":{"line":6,"column":null}},{"start":{},"end":{}}]}},"s":{"0":1,"1":1,"2":1,"3":1,"4":0,"5":1,"6":1,"7":0,"8":1,"9":0,"10":0},"f":{"0":0,"1":0,"2":0},"b":{"0":[0,1]}}
}
