TN:
SF:src\components\recommendations\EmptyWardrobeState.tsx
FN:7,EmptyWardrobeState
FNF:1
FNH:1
FNDA:1,EmptyWardrobeState
DA:1,1
DA:7,1
LF:2
LH:2
BRDA:7,0,0,1
BRF:1
BRH:1
end_of_record
TN:
SF:src\components\recommendations\OutfitCard.tsx
FN:10,OutfitCard
FN:48,(anonymous_3)
FNF:2
FNH:1
FNDA:1,OutfitCard
FNDA:0,(anonymous_3)
DA:2,1
DA:10,1
DA:48,0
LF:3
LH:2
BRDA:17,0,0,0
BRDA:28,1,0,3
BRDA:28,1,1,0
BRDA:46,2,0,1
BRDA:52,3,0,0
BRDA:52,3,1,1
BRF:6
BRH:3
end_of_record
TN:
SF:src\components\recommendations\OutfitGenerator.tsx
FN:12,OutfitGenerator
FN:18,(anonymous_2)
FN:22,(anonymous_3)
FN:25,(anonymous_4)
FN:40,(anonymous_5)
FN:56,(anonymous_6)
FN:77,(anonymous_7)
FN:81,(anonymous_8)
FNF:8
FNH:7
FNDA:7,OutfitGenerator
FNDA:3,(anonymous_2)
FNDA:1,(anonymous_3)
FNDA:1,(anonymous_4)
FNDA:2,(anonymous_5)
FNDA:3,(anonymous_6)
FNDA:0,(anonymous_7)
FNDA:35,(anonymous_8)
DA:1,1
DA:2,1
DA:3,1
DA:6,1
DA:12,3
DA:13,7
DA:14,7
DA:15,7
DA:17,7
DA:19,3
DA:20,1
DA:23,1
DA:25,1
DA:26,1
DA:27,0
DA:37,1
DA:38,1
DA:41,2
DA:42,2
DA:43,1
DA:44,1
DA:45,0
DA:46,1
DA:47,0
DA:48,1
DA:49,1
DA:51,0
DA:56,7
DA:57,3
DA:58,3
DA:59,3
DA:77,0
DA:82,35
LF:33
LH:28
BRDA:26,0,0,1
BRDA:26,0,1,0
BRDA:38,1,0,0
BRDA:38,1,1,1
BRDA:42,2,0,1
BRDA:42,2,1,1
BRDA:44,3,0,0
BRDA:44,3,1,1
BRDA:46,4,0,0
BRDA:46,4,1,1
BRDA:48,5,0,1
BRDA:48,5,1,0
BRDA:51,6,0,0
BRDA:51,6,1,0
BRDA:95,7,0,0
BRDA:108,8,0,7
BRF:16
BRH:8
end_of_record
TN:
SF:src\components\recommendations\RecommendationHistory.tsx
FN:8,RecommendationHistory
FN:15,(anonymous_2)
FN:24,(anonymous_3)
FN:28,(anonymous_4)
FN:37,(anonymous_5)
FN:46,(anonymous_6)
FN:51,(anonymous_7)
FN:57,(anonymous_8)
FN:87,(anonymous_9)
FN:104,(anonymous_10)
FN:104,(anonymous_11)
FN:111,(anonymous_12)
FN:111,(anonymous_13)
FNF:13
FNH:3
FNDA:4,RecommendationHistory
FNDA:2,(anonymous_2)
FNDA:0,(anonymous_3)
FNDA:0,(anonymous_4)
FNDA:0,(anonymous_5)
FNDA:0,(anonymous_6)
FNDA:0,(anonymous_7)
FNDA:0,(anonymous_8)
FNDA:1,(anonymous_9)
FNDA:0,(anonymous_10)
FNDA:0,(anonymous_11)
FNDA:0,(anonymous_12)
FNDA:0,(anonymous_13)
DA:1,1
DA:2,1
DA:3,1
DA:5,1
DA:6,1
DA:8,2
DA:9,4
DA:10,4
DA:11,4
DA:13,4
DA:16,2
DA:19,2
DA:23,4
DA:25,0
DA:26,0
DA:30,0
DA:32,0
DA:34,0
DA:35,0
DA:37,0
DA:44,0
DA:47,0
DA:48,0
DA:53,0
DA:57,4
DA:58,0
DA:59,0
DA:63,4
DA:71,2
DA:79,2
DA:80,1
DA:88,1
DA:104,0
DA:111,0
LF:34
LH:19
BRDA:34,0,0,0
BRDA:34,0,1,0
BRDA:47,1,0,0
BRDA:47,1,1,0
BRDA:58,2,0,0
BRDA:58,2,1,0
BRDA:63,3,0,2
BRDA:63,3,1,2
BRDA:71,4,0,0
BRDA:71,4,1,2
BRDA:79,5,0,1
BRDA:79,5,1,1
BRDA:79,6,0,2
BRDA:79,6,1,2
BRDA:92,7,0,1
BRDA:92,7,1,0
BRDA:97,8,0,1
BRF:17
BRH:9
end_of_record
TN:
SF:src\components\recommendations\WeatherBadge.tsx
FN:3,WeatherBadge
FNF:1
FNH:1
FNDA:1,WeatherBadge
DA:3,1
DA:4,1
LF:2
LH:2
BRDA:4,0,0,0
BRDA:4,0,1,1
BRDA:4,1,0,1
BRDA:4,1,1,1
BRDA:11,2,0,1
BRF:5
BRH:4
end_of_record
TN:
SF:src\lib\axios.ts
FN:18,(anonymous_2)
FN:25,(anonymous_3)
FN:26,(anonymous_4)
FNF:3
FNH:0
FNDA:0,(anonymous_2)
FNDA:0,(anonymous_3)
FNDA:0,(anonymous_4)
DA:1,1
DA:3,1
DA:4,1
DA:5,0
DA:8,1
DA:18,1
DA:20,0
DA:24,1
DA:25,0
DA:28,0
LF:10
LH:6
BRDA:4,0,0,0
BRDA:4,0,1,1
BRF:2
BRH:1
end_of_record
